<?xml version="1.0" encoding="UTF-8"?>
<!-- Generated by org.testng.reporters.JUnitReportReporter -->
<testsuite hostname="TYSS-Manoj" failures="0" tests="1" name="AAServer.start_Server" time="8.026" errors="0" timestamp="2024-01-10T18:19:25 IST" skipped="0">
  <testcase classname="AAServer.start_Server" name="startServer" time="8.026"/>
</testsuite> <!-- AAServer.start_Server -->
